Determining if the pthread_create exist failed with the following output:
Change Dir: /home/yisha/Workspace/VO/ORB_SLAM2/Examples/ROS/ORB_SLAM2/build/CMakeFiles/CMakeTmp

Run Build Command:"/usr/bin/make" "cmTC_2405a/fast"
/usr/bin/make -f CMakeFiles/cmTC_2405a.dir/build.make CMakeFiles/cmTC_2405a.dir/build
make[1]: Entering directory `/home/yisha/Workspace/VO/ORB_SLAM2/Examples/ROS/ORB_SLAM2/build/CMakeFiles/CMakeTmp'
Building C object CMakeFiles/cmTC_2405a.dir/CheckSymbolExists.c.o
/usr/bin/cc    -o CMakeFiles/cmTC_2405a.dir/CheckSymbolExists.c.o   -c /home/yisha/Workspace/VO/ORB_SLAM2/Examples/ROS/ORB_SLAM2/build/CMakeFiles/CMakeTmp/CheckSymbolExists.c
Linking C executable cmTC_2405a
/home/yisha/Install/python/anaconda2/bin/cmake -E cmake_link_script CMakeFiles/cmTC_2405a.dir/link.txt --verbose=1
/usr/bin/cc       CMakeFiles/cmTC_2405a.dir/CheckSymbolExists.c.o  -o cmTC_2405a -rdynamic 
CMakeFiles/cmTC_2405a.dir/CheckSymbolExists.c.o: In function `main':
CheckSymbolExists.c:(.text+0x16): undefined reference to `pthread_create'
collect2: error: ld returned 1 exit status
make[1]: *** [cmTC_2405a] Error 1
make[1]: Leaving directory `/home/yisha/Workspace/VO/ORB_SLAM2/Examples/ROS/ORB_SLAM2/build/CMakeFiles/CMakeTmp'
make: *** [cmTC_2405a/fast] Error 2

File /home/yisha/Workspace/VO/ORB_SLAM2/Examples/ROS/ORB_SLAM2/build/CMakeFiles/CMakeTmp/CheckSymbolExists.c:
/* */
#include <pthread.h>

int main(int argc, char** argv)
{
  (void)argv;
#ifndef pthread_create
  return ((int*)(&pthread_create))[argc];
#else
  (void)argc;
  return 0;
#endif
}

Determining if the function pthread_create exists in the pthreads failed with the following output:
Change Dir: /home/yisha/Workspace/VO/ORB_SLAM2/Examples/ROS/ORB_SLAM2/build/CMakeFiles/CMakeTmp

Run Build Command:"/usr/bin/make" "cmTC_dcb79/fast"
/usr/bin/make -f CMakeFiles/cmTC_dcb79.dir/build.make CMakeFiles/cmTC_dcb79.dir/build
make[1]: Entering directory `/home/yisha/Workspace/VO/ORB_SLAM2/Examples/ROS/ORB_SLAM2/build/CMakeFiles/CMakeTmp'
Building C object CMakeFiles/cmTC_dcb79.dir/CheckFunctionExists.c.o
/usr/bin/cc   -DCHECK_FUNCTION_EXISTS=pthread_create   -o CMakeFiles/cmTC_dcb79.dir/CheckFunctionExists.c.o   -c /home/yisha/Install/python/anaconda2/share/cmake-3.3/Modules/CheckFunctionExists.c
Linking C executable cmTC_dcb79
/home/yisha/Install/python/anaconda2/bin/cmake -E cmake_link_script CMakeFiles/cmTC_dcb79.dir/link.txt --verbose=1
/usr/bin/cc   -DCHECK_FUNCTION_EXISTS=pthread_create    CMakeFiles/cmTC_dcb79.dir/CheckFunctionExists.c.o  -o cmTC_dcb79 -rdynamic -lpthreads 
/usr/bin/ld: cannot find -lpthreads
collect2: error: ld returned 1 exit status
make[1]: Leaving directory `/home/yisha/Workspace/VO/ORB_SLAM2/Examples/ROS/ORB_SLAM2/build/CMakeFiles/CMakeTmp'
make[1]: *** [cmTC_dcb79] Error 1
make: *** [cmTC_dcb79/fast] Error 2


